<?xml version="1.0" encoding="UTF-8"?>
<testng-results ignored="0" total="1" passed="1" failed="0" skipped="0">
  <reporter-output>
  </reporter-output>
  <suite started-at="2020-12-01T22:53:56 IST" name="Default suite" finished-at="2020-12-01T22:54:17 IST" duration-ms="20991">
    <groups>
    </groups>
    <test started-at="2020-12-01T22:53:56 IST" name="Default test" finished-at="2020-12-01T22:54:17 IST" duration-ms="20991">
      <class name="SeleniumBootstrap2.Assignment2.readProperties">
        <test-method is-config="true" signature="setUp()[pri:0, instance:SeleniumBootstrap2.Assignment2.readProperties@79b06cab]" started-at="2020-12-01T22:53:56 IST" name="setUp" finished-at="2020-12-01T22:54:15 IST" duration-ms="19301" status="PASS">
          <reporter-output>
          </reporter-output>
        </test-method> <!-- setUp -->
        <test-method signature="test()[pri:0, instance:SeleniumBootstrap2.Assignment2.readProperties@79b06cab]" started-at="2020-12-01T22:54:15 IST" name="test" finished-at="2020-12-01T22:54:15 IST" duration-ms="26" status="PASS">
          <reporter-output>
          </reporter-output>
        </test-method> <!-- test -->
        <test-method is-config="true" signature="tearDown()[pri:0, instance:SeleniumBootstrap2.Assignment2.readProperties@79b06cab]" started-at="2020-12-01T22:54:15 IST" name="tearDown" finished-at="2020-12-01T22:54:17 IST" duration-ms="1580" status="PASS">
          <reporter-output>
          </reporter-output>
        </test-method> <!-- tearDown -->
      </class> <!-- SeleniumBootstrap2.Assignment2.readProperties -->
    </test> <!-- Default test -->
  </suite> <!-- Default suite -->
</testng-results>
